Determining if the pthread_create exist failed with the following output:
Change Dir: /home/daredevil/Documents/template_alumnos/cmake-build-debug/CMakeFiles/CMakeTmp

Run Build Command:"/usr/bin/make" "cmTC_2e86c/fast"
/usr/bin/make -f CMakeFiles/cmTC_2e86c.dir/build.make CMakeFiles/cmTC_2e86c.dir/build
make[1]: Entering directory '/home/daredevil/Documents/template_alumnos/cmake-build-debug/CMakeFiles/CMakeTmp'
Building C object CMakeFiles/cmTC_2e86c.dir/CheckSymbolExists.c.o
/usr/bin/cc    -o CMakeFiles/cmTC_2e86c.dir/CheckSymbolExists.c.o   -c /home/daredevil/Documents/template_alumnos/cmake-build-debug/CMakeFiles/CMakeTmp/CheckSymbolExists.c
Linking C executable cmTC_2e86c
/home/daredevil/.local/share/JetBrains/Toolbox/apps/CLion/ch-0/191.6183.77/bin/cmake/linux/bin/cmake -E cmake_link_script CMakeFiles/cmTC_2e86c.dir/link.txt --verbose=1
/usr/bin/cc      -rdynamic CMakeFiles/cmTC_2e86c.dir/CheckSymbolExists.c.o  -o cmTC_2e86c 
CMakeFiles/cmTC_2e86c.dir/CheckSymbolExists.c.o: In function `main':
CheckSymbolExists.c:(.text+0x1b): undefined reference to `pthread_create'
collect2: error: ld returned 1 exit status
CMakeFiles/cmTC_2e86c.dir/build.make:86: recipe for target 'cmTC_2e86c' failed
make[1]: *** [cmTC_2e86c] Error 1
make[1]: Leaving directory '/home/daredevil/Documents/template_alumnos/cmake-build-debug/CMakeFiles/CMakeTmp'
Makefile:121: recipe for target 'cmTC_2e86c/fast' failed
make: *** [cmTC_2e86c/fast] Error 2

File /home/daredevil/Documents/template_alumnos/cmake-build-debug/CMakeFiles/CMakeTmp/CheckSymbolExists.c:
/* */
#include <pthread.h>

int main(int argc, char** argv)
{
  (void)argv;
#ifndef pthread_create
  return ((int*)(&pthread_create))[argc];
#else
  (void)argc;
  return 0;
#endif
}

